2014-09-08 00:54:23.315 HelloCordova[56190:70b] Multi-tasking -> Device: YES, App: YES
2014-09-08 00:54:24.136 HelloCordova[56190:70b] Unlimited access to network resources
2014-09-08 00:54:29.472 HelloCordova[56190:70b] CDVPlugin class CDVStatusBar (pluginName: statusbar) does not exist.
2014-09-08 00:54:29.494 HelloCordova[56190:70b] [CDVTimer][statusbar] 37.644982ms
2014-09-08 00:54:29.495 HelloCordova[56190:70b] [CDVTimer][TotalPluginStartup] 38.370013ms
2014-09-08 00:54:34.289 HelloCordova[56216:70b] Multi-tasking -> Device: YES, App: YES
2014-09-08 00:54:34.300 HelloCordova[56216:70b] Unlimited access to network resources
2014-09-08 00:54:34.321 HelloCordova[56216:70b] CDVPlugin class CDVStatusBar (pluginName: statusbar) does not exist.
2014-09-08 00:54:34.321 HelloCordova[56216:70b] [CDVTimer][statusbar] 0.732005ms
2014-09-08 00:54:34.322 HelloCordova[56216:70b] [CDVTimer][TotalPluginStartup] 1.344025ms
2014-09-08 00:54:34.458 HelloCordova[56216:70b] Resetting plugins due to page load.
2014-09-08 00:54:34.817 HelloCordova[56216:70b] Finished load of: file:///Users/yash/Library/Application%20Support/iPhone%20Simulator/7.1/Applications/13A452D7-C200-4EE3-98E6-1481CA7E91FA/HelloCordova.app/www/index.html#/
2014-09-08 00:55:08.958 HelloCordova[56425:70b] Multi-tasking -> Device: YES, App: YES
2014-09-08 00:55:08.972 HelloCordova[56425:70b] Unlimited access to network resources
2014-09-08 00:55:08.997 HelloCordova[56425:70b] CDVPlugin class CDVStatusBar (pluginName: statusbar) does not exist.
2014-09-08 00:55:08.998 HelloCordova[56425:70b] [CDVTimer][statusbar] 0.606000ms
2014-09-08 00:55:08.999 HelloCordova[56425:70b] [CDVTimer][TotalPluginStartup] 1.191974ms
2014-09-08 00:55:09.104 HelloCordova[56425:70b] Resetting plugins due to page load.
2014-09-08 00:55:09.338 HelloCordova[56425:70b] Finished load of: file:///Users/yash/Library/Application%20Support/iPhone%20Simulator/7.1/Applications/13A452D7-C200-4EE3-98E6-1481CA7E91FA/HelloCordova.app/www/index.html#/
2014-09-08 01:08:21.348 HelloCordova[57599:70b] Multi-tasking -> Device: YES, App: YES
2014-09-08 01:08:21.376 HelloCordova[57599:70b] Unlimited access to network resources
2014-09-08 01:08:21.436 HelloCordova[57599:70b] CDVPlugin class CDVStatusBar (pluginName: statusbar) does not exist.
2014-09-08 01:08:21.437 HelloCordova[57599:70b] [CDVTimer][statusbar] 0.877023ms
2014-09-08 01:08:21.437 HelloCordova[57599:70b] [CDVTimer][TotalPluginStartup] 1.487017ms
2014-09-08 01:08:21.648 HelloCordova[57599:70b] Resetting plugins due to page load.
2014-09-08 01:08:21.916 HelloCordova[57599:70b] Finished load of: file:///Users/yash/Library/Application%20Support/iPhone%20Simulator/7.1/Applications/13A452D7-C200-4EE3-98E6-1481CA7E91FA/HelloCordova.app/www/index.html#/
2014-09-08 01:08:44.104 HelloCordova[57799:70b] Multi-tasking -> Device: YES, App: YES
2014-09-08 01:08:44.112 HelloCordova[57799:70b] Unlimited access to network resources
2014-09-08 01:08:44.131 HelloCordova[57799:70b] CDVPlugin class CDVStatusBar (pluginName: statusbar) does not exist.
2014-09-08 01:08:44.131 HelloCordova[57799:70b] [CDVTimer][statusbar] 0.571966ms
2014-09-08 01:08:44.132 HelloCordova[57799:70b] [CDVTimer][TotalPluginStartup] 1.186013ms
2014-09-08 01:08:44.230 HelloCordova[57799:70b] Resetting plugins due to page load.
2014-09-08 01:08:44.448 HelloCordova[57799:70b] Finished load of: file:///Users/yash/Library/Application%20Support/iPhone%20Simulator/7.1/Applications/13A452D7-C200-4EE3-98E6-1481CA7E91FA/HelloCordova.app/www/index.html#/
2014-09-08 01:09:12.358 HelloCordova[58001:70b] Multi-tasking -> Device: YES, App: YES
2014-09-08 01:09:12.366 HelloCordova[58001:70b] Unlimited access to network resources
2014-09-08 01:09:12.389 HelloCordova[58001:70b] CDVPlugin class CDVStatusBar (pluginName: statusbar) does not exist.
2014-09-08 01:09:12.390 HelloCordova[58001:70b] [CDVTimer][statusbar] 0.630021ms
2014-09-08 01:09:12.390 HelloCordova[58001:70b] [CDVTimer][TotalPluginStartup] 1.110017ms
2014-09-08 01:09:12.466 HelloCordova[58001:70b] Resetting plugins due to page load.
2014-09-08 01:09:12.681 HelloCordova[58001:70b] Finished load of: file:///Users/yash/Library/Application%20Support/iPhone%20Simulator/7.1/Applications/13A452D7-C200-4EE3-98E6-1481CA7E91FA/HelloCordova.app/www/index.html#/
2015-02-01 14:32:18.400 Pinpoint[52141:1335920] DiskCookieStorage changing policy from 2 to 0, cookie file: file:///Users/yash1/Library/Developer/CoreSimulator/Devices/AD5B79D8-D3F2-49AB-8356-E6FD9847668C/data/Containers/Data/Application/587B24B4-A094-4C9C-A5B3-D4FFC85569D4/Library/Cookies/Cookies.binarycookies
2015-02-01 14:32:18.495 Pinpoint[52141:1335920] Multi-tasking -> Device: YES, App: YES
2015-02-01 14:32:18.499 Pinpoint[52141:1335920] Unlimited access to network resources
2015-02-01 14:32:18.678 Pinpoint[52141:1335920] Resetting plugins due to page load.
2015-02-01 14:32:19.219 Pinpoint[52141:1335920] Finished load of: file:///Users/yash1/Library/Developer/CoreSimulator/Devices/AD5B79D8-D3F2-49AB-8356-E6FD9847668C/data/Containers/Bundle/Application/F86A1CD5-9F5D-41F4-93D4-1246D696BCF0/Pinpoint.app/www/index.html#/
2015-02-01 14:32:19.219 Pinpoint[52141:1335920] #### Auth Service
2015-02-01 14:32:19.220 Pinpoint[52141:1335920] #### Environment Service
2015-02-01 14:32:19.220 Pinpoint[52141:1335920] #### Global Controller
2015-02-01 14:32:19.220 Pinpoint[52141:1335920] #### Environment set: 
2015-02-01 14:32:19.220 Pinpoint[52141:1335920] error JSON.stringify()ing argument: TypeError: JSON.stringify cannot serialize cyclic structures.
2015-02-01 14:32:19.220 Pinpoint[52141:1335920] #### Global Directive
2015-02-01 14:32:19.220 Pinpoint[52141:1335920] #### Landing Directive
2015-02-01 14:32:19.220 Pinpoint[52141:1335920] #### Geo Service
2015-02-01 14:32:19.221 Pinpoint[52141:1335920] #### Landing Controller
2015-02-01 14:32:19.221 Pinpoint[52141:1335920] #### Getting the location
2015-02-01 14:32:38.740 Pinpoint[52904:1337095] DiskCookieStorage changing policy from 2 to 0, cookie file: file:///Users/yash1/Library/Developer/CoreSimulator/Devices/AD5B79D8-D3F2-49AB-8356-E6FD9847668C/data/Containers/Data/Application/D3D0B82A-A776-485D-A6E4-F651C6B7E018/Library/Cookies/Cookies.binarycookies
2015-02-01 14:32:38.801 Pinpoint[52904:1337095] Multi-tasking -> Device: YES, App: YES
2015-02-01 14:32:38.806 Pinpoint[52904:1337095] Unlimited access to network resources
2015-02-01 14:32:39.094 Pinpoint[52904:1337095] Resetting plugins due to page load.
2015-02-01 14:32:39.489 Pinpoint[52904:1337095] Finished load of: file:///Users/yash1/Library/Developer/CoreSimulator/Devices/AD5B79D8-D3F2-49AB-8356-E6FD9847668C/data/Containers/Bundle/Application/80F5BBE4-5157-472D-8D8C-145E57CD4950/Pinpoint.app/www/index.html#/
2015-02-01 14:32:39.489 Pinpoint[52904:1337095] #### Auth Service
2015-02-01 14:32:39.489 Pinpoint[52904:1337095] #### Environment Service
2015-02-01 14:32:39.490 Pinpoint[52904:1337095] #### Global Controller
2015-02-01 14:32:39.490 Pinpoint[52904:1337095] #### Environment set: 
2015-02-01 14:32:39.490 Pinpoint[52904:1337095] error JSON.stringify()ing argument: TypeError: JSON.stringify cannot serialize cyclic structures.
2015-02-01 14:32:39.490 Pinpoint[52904:1337095] #### Global Directive
2015-02-01 14:32:39.490 Pinpoint[52904:1337095] #### Landing Directive
2015-02-01 14:32:39.490 Pinpoint[52904:1337095] #### Geo Service
2015-02-01 14:32:39.491 Pinpoint[52904:1337095] #### Landing Controller
2015-02-01 14:32:39.491 Pinpoint[52904:1337095] #### Getting the location
2015-02-01 14:34:07.865 Pinpoint[54484:1339684] DiskCookieStorage changing policy from 2 to 0, cookie file: file:///Users/yash1/Library/Developer/CoreSimulator/Devices/AD5B79D8-D3F2-49AB-8356-E6FD9847668C/data/Containers/Data/Application/D77F516F-E03D-47E6-AB17-9CF029211F91/Library/Cookies/Cookies.binarycookies
2015-02-01 14:34:07.941 Pinpoint[54484:1339684] Multi-tasking -> Device: YES, App: YES
2015-02-01 14:34:07.946 Pinpoint[54484:1339684] Unlimited access to network resources
2015-02-01 14:34:08.209 Pinpoint[54484:1339684] Resetting plugins due to page load.
2015-02-01 14:34:08.338 Pinpoint[54484:1339684] Finished load of: file:///Users/yash1/Library/Developer/CoreSimulator/Devices/AD5B79D8-D3F2-49AB-8356-E6FD9847668C/data/Containers/Bundle/Application/015CCD25-52A4-4861-B436-4BCCAECE19F8/Pinpoint.app/www/index.html
2015-02-01 14:35:05.019 Pinpoint[55326:1341214] DiskCookieStorage changing policy from 2 to 0, cookie file: file:///Users/yash1/Library/Developer/CoreSimulator/Devices/AD5B79D8-D3F2-49AB-8356-E6FD9847668C/data/Containers/Data/Application/B7BD7FB2-4CCC-4608-8019-0927BB1A3BE3/Library/Cookies/Cookies.binarycookies
2015-02-01 14:35:05.136 Pinpoint[55326:1341214] Multi-tasking -> Device: YES, App: YES
2015-02-01 14:35:05.141 Pinpoint[55326:1341214] Unlimited access to network resources
2015-02-01 14:35:05.384 Pinpoint[55326:1341214] Resetting plugins due to page load.
2015-02-01 14:35:05.771 Pinpoint[55326:1341214] Finished load of: file:///Users/yash1/Library/Developer/CoreSimulator/Devices/AD5B79D8-D3F2-49AB-8356-E6FD9847668C/data/Containers/Bundle/Application/3DD5EFAC-1358-420C-87A4-9E5B2DFE361D/Pinpoint.app/www/index.html#/
2015-02-01 14:35:05.798 Pinpoint[55326:1341214] #### Auth Service
2015-02-01 14:35:05.799 Pinpoint[55326:1341214] #### Environment Service
2015-02-01 14:35:05.800 Pinpoint[55326:1341214] #### Global Controller
2015-02-01 14:35:05.800 Pinpoint[55326:1341214] #### Environment set: 
2015-02-01 14:35:05.800 Pinpoint[55326:1341214] error JSON.stringify()ing argument: TypeError: JSON.stringify cannot serialize cyclic structures.
2015-02-01 14:35:05.800 Pinpoint[55326:1341214] #### Global Directive
2015-02-01 14:35:05.800 Pinpoint[55326:1341214] #### Landing Directive
2015-02-01 14:35:05.800 Pinpoint[55326:1341214] #### Geo Service
2015-02-01 14:35:05.800 Pinpoint[55326:1341214] #### Landing Controller
2015-02-01 14:35:05.801 Pinpoint[55326:1341214] #### Getting the location
2015-02-01 14:36:21.085 Pinpoint[56174:1342904] DiskCookieStorage changing policy from 2 to 0, cookie file: file:///Users/yash1/Library/Developer/CoreSimulator/Devices/AD5B79D8-D3F2-49AB-8356-E6FD9847668C/data/Containers/Data/Application/AF080DD5-7EA0-443A-B282-DCF072D64901/Library/Cookies/Cookies.binarycookies
2015-02-01 14:36:21.285 Pinpoint[56174:1342904] Multi-tasking -> Device: YES, App: YES
2015-02-01 14:36:21.292 Pinpoint[56174:1342904] Unlimited access to network resources
2015-02-01 14:36:21.577 Pinpoint[56174:1342904] Resetting plugins due to page load.
2015-02-01 14:36:22.681 Pinpoint[56174:1342904] #### Auth Service
2015-02-01 14:36:22.681 Pinpoint[56174:1342904] #### Environment Service
2015-02-01 14:36:22.681 Pinpoint[56174:1342904] #### Global Controller
2015-02-01 14:36:22.681 Pinpoint[56174:1342904] #### Environment set: 
2015-02-01 14:36:22.681 Pinpoint[56174:1342904] error JSON.stringify()ing argument: TypeError: JSON.stringify cannot serialize cyclic structures.
2015-02-01 14:36:22.682 Pinpoint[56174:1342904] #### Global Directive
2015-02-01 14:36:22.682 Pinpoint[56174:1342904] #### Register Controller
2015-02-01 14:36:24.170 Pinpoint[56174:1342904] Finished load of: file:///Users/yash1/Library/Developer/CoreSimulator/Devices/AD5B79D8-D3F2-49AB-8356-E6FD9847668C/data/Containers/Bundle/Application/39071887-9B31-4692-A4D0-8AA6808AFFE0/Pinpoint.app/www/index.html#/
2015-02-01 14:36:33.831 Pinpoint[56174:1342904] #### Login Controller
2015-02-01 14:37:03.142 Pinpoint[56174:1342904] #### Register Controller
2015-02-01 14:37:13.638 Pinpoint[56174:1342904] #### Login Controller
2015-02-01 14:37:23.383 Pinpoint[56174:1342904] #### In the auth service
2015-02-01 14:37:23.388 Pinpoint[56174:1342904] #### Resolved
2015-02-01 14:37:23.388 Pinpoint[56174:1342904] {"data":{"message":"Incorrect Username"},"status":200,"config":{"method":"POST","transformRequest":[null],"transformResponse":[null],"url":"http://localhost:3000/auth/login","data":{"username":"yash","password":"1234"},"headers":{"Accept":"application/json, text/plain, */*","Content-Type":"application/json;charset=utf-8"}},"statusText":"OK"}
2015-02-01 14:37:23.388 Pinpoint[56174:1342904] #### Incorrect Username
2015-02-01 14:37:34.251 Pinpoint[56174:1342904] #### In the auth service
2015-02-01 14:37:34.409 Pinpoint[56174:1342904] #### Resolved
2015-02-01 14:37:34.409 Pinpoint[56174:1342904] {"data":{"message":"Authenticated","user":{"_id":"54cd672181aff20000db3046","username":"user-test","password":"$2a$10$raGsqujsx.k7XrWjXB8iDukUgkVV22jjmnlJP442Crspzr8ReQeRy","email":"usertest@gmail.com","__v":32,"geo":[-122.22633019999999,37.485680099999996],"lat":"37.485680099999996","lng":"-122.22633019999999","picture":"https://s3.amazonaws.com/uploads.hipchat.com/27243/752569/WU1GBARftv1zQZz/login-logo.png","wishlist":[],"chatAds":[],"chats":["54c334fd83bfb44b38684d9f","54cdab8b55c92eef606be23f"],"ads":[],"created":"2015-01-31T23:37:05.734Z","type":"user"}},"status":200,"config":{"method":"POST","transformRequest":[null],"transformResponse":[null],"url":"http://localhost:3000/auth/login","data":{"username":"user-test","password":"1234"},"headers":{"Accept":"application/json, text/plain, */*","Content-Type":"application/json;charset=utf-8"}},"statusText":"OK"}
2015-02-01 14:37:34.410 Pinpoint[56174:1342904] #### User Authenticated
2015-02-01 14:37:35.459 Pinpoint[56174:1342904] #### Geo Service
2015-02-01 14:37:35.459 Pinpoint[56174:1342904] #### Ads Service 
2015-02-01 14:37:35.459 Pinpoint[56174:1342904] #### Authenticating user
2015-02-01 14:37:35.459 Pinpoint[56174:1342904] logged in
2015-02-01 14:37:35.459 Pinpoint[56174:1342904] #### User Authenticated
2015-02-01 14:37:35.459 Pinpoint[56174:1342904] #### No location currently. Getting location
2015-02-01 14:37:35.460 Pinpoint[56174:1342904] #### Getting the location
2015-02-01 14:37:35.460 Pinpoint[56174:1342904] #### Stream Directive
2015-02-01 14:37:50.002 Pinpoint[56174:1342904] #### Post Controller
2015-02-01 14:37:50.002 Pinpoint[56174:1342904] #### Authenticating user
2015-02-01 14:37:50.002 Pinpoint[56174:1342904] logged in
2015-02-01 14:37:50.002 Pinpoint[56174:1342904] #### User Authenticated
2015-02-01 14:37:50.013 Pinpoint[56174:1342904] #### Resolved
2015-02-01 14:37:50.013 Pinpoint[56174:1342904] {"data":[{"_id":"54cdabb455c92eef606be240","shortname":"adforusertest-two","title":"ad for usertest-two","price":"$5000","address":"846 Main Street, Redwood City, CA 94063, USA","seller":"","make":"","model":"","color":"","miles":"","kilometers":"","vehicletype":"","description":"adsbnfadkf adfjdsl a fasdjfkj lkafkdsajf djf jdfk ajghgv ejwsf eahgaejfcewg8hewas nvuaehgewajfewah aewfh eaghepg eahfe fheauf ah eau h gsa gahg sadghsaf hasfs f dfhads iuf","drive":"","fuel":"","source":"user","petfriendly":"","furnished":"","bathrooms":"","rentby":"","size":"","user":"54cd672181aff20000db3046","geo":[-122.22633019999999,37.485680099999996],"category":"546c381c4285e3bfcba288fa","__v":0,"images":[],"tags":["faf"],"created":"2015-02-01T04:29:40.731Z"}],"status":200,"config":{"method":"GET","transformRequest":[null],"transformResponse":[null],"url":"http://localhost:3000/api/ads/all/user/54cd672181aff20000db3046","headers":{"Accept":"application/json, text/plain, */*"}},"statusText":"OK"}
2015-02-01 14:37:51.568 Pinpoint[56174:1342904] #### Category Service
2015-02-01 14:37:51.568 Pinpoint[56174:1342904] #### Authenticating user
2015-02-01 14:37:51.568 Pinpoint[56174:1342904] logged in
2015-02-01 14:37:51.568 Pinpoint[56174:1342904] #### User Authenticated
2015-02-01 14:37:51.568 Pinpoint[56174:1342904] #### Categories Controller
2015-02-01 14:37:51.585 Pinpoint[56174:1342904] #### Resolved
2015-02-01 14:37:51.585 Pinpoint[56174:1342904] {"data":[{"_id":"546c381c4285e3bfcba288f4","name":"Automobiles","shortname":"automobiles","background":"https://files.slack.com/files-pri/T030KRUP4-F030NN8RW/automobiles.png","__v":6,"urls":["546c38234285e3bfcba28900","546c38234285e3bfcba28901","546c38234285e3bfcba28902","546c38234285e3bfcba28904","546c38234285e3bfcba28905","546c38234285e3bfcba28906"],"created":"2014-11-19T06:26:36.377Z"},{"_id":"546c381c4285e3bfcba288fc","name":"Clothing","shortname":"clothing","background":"https://files.slack.com/files-pri/T030KRUP4-F030M7KB1/clothing.png","__v":0,"urls":[],"created":"2014-11-19T06:26:36.399Z"},{"_id":"546c381c4285e3bfcba288fe","name":"Community","shortname":"community","background":"https://files.slack.com/files-pri/T030KRUP4-F030NN96C/community.png","__v":2,"urls":["546c38234285e3bfcba28926","546c38234285e3bfcba28927"],"created":"2014-11-19T06:26:36.404Z"},{"_id":"546c381c4285e3bfcba288f9","name":"Furniture","shortname":"furniture","background":"https://files.slack.com/files-pri/T030KRUP4-F030NN9UU/furniture.png","__v":2,"urls":["546c38234285e3bfcba28922","546c38234285e3bfcba28923"],"created":"2014-11-19T06:26:36.395Z"},{"_id":"546c381c4285e3bfcba288fa","name":"Jewlry","shortname":"jewlry","background":"https://files.slack.com/files-pri/T030KRUP4-F030NNATC/jewelry.png","__v":0,"urls":[],"created":"2014-11-19T06:26:36.396Z"},{"_id":"546c381c4285e3bfcba288f6","name":"Pets","shortname":"pets","background":"https://files.slack.com/files-pri/T030KRUP4-F030M7NBD/pets.png","__v":5,"urls":["546c38234285e3bfcba2890f","546c38234285e3bfcba28910","546c38234285e3bfcba28911","546c38234285e3bfcba28912","546c38234285e3bfcba28913"],"created":"2014-11-19T06:26:36.389Z"},{"_id":"546c381c4285e3bfcba288f5","name":"Real Estate","shortname":"realestate","background":"https://files.slack.com/files-pri/T030KRUP4-F030NNC20/real-estate.png","__v":8,"urls":["546c38234285e3bfcba28907","546c38234285e3bfcba28908","546c38234285e3bfcba28909","546c38234285e3bfcba2890a","546c38234285e3bfcba2890b","546c38234285e3bfcba2890c","546c38234285e3bfcba2890d","546c38234285e3bfcba2890e"],"created":"2014-11-19T06:26:36.386Z"},{"_id":"546c381c4285e3bfcba288f7","name":"Services","shortname":"services","background":"https://files.slack.com/files-pri/T030KRUP4-F030M7NSZ/services.png","__v":8,"urls":["546c38234285e3bfcba28914","546c38234285e3bfcba28915","546c38234285e3bfcba28916","546c38234285e3bfcba28917","546c38234285e3bfcba28918","546c38234285e3bfcba28919","546c38234285e3bfcba2891a","546c38234285e3bfcba2891b"],"created":"2014-11-19T06:26:36.391Z"},{"_id":"546c381c4285e3bfcba288f8","name":"Technology","shortname":"technology","background":"https://files.slack.com/files-pri/T030KRUP4-F030NNC3J/technology.png","__v":6,"urls":["546c38234285e3bfcba2891c","546c38234285e3bfcba2891d","546c38234285e3bfcba2891e","546c38234285e3bfcba2891f","546c38234285e3bfcba28920","546c38234285e3bfcba28921"],"created":"2014-11-19T06:26:36.393Z"},{"_id":"546c381c4285e3bfcba288fb","name":"Tickets","shortname":"tickets","background:":"https://files.slack.com/files-pri/T030KRUP4-F030M7NUR/tickets.png","__v":2,"urls":["546c38234285e3bfcba28924","546c38234285e3bfcba28925"],"created":"2014-11-19T06:26:36.398Z"},{"_id":"546c381c4285e3bfcba288fd","name":"Volunteers","shortname":"volunteers","background":"https://files.slack.com/files-pri/T030KRUP4-F030NNC5G/volunteers.png","__v":0,"urls":[],"created":"2014-11-19T06:26:36.401Z"}],"status":200,"config":{"method":"GET","transformRequest":[null],"transformResponse":[null],"url":"http://localhost:3000/api/categories","headers":{"Accept":"application/json, text/plain, */*"}},"statusText":"OK"}
2015-02-01 14:37:53.918 Pinpoint[56174:1342904] #### Authenticating user
2015-02-01 14:37:53.918 Pinpoint[56174:1342904] logged in
2015-02-01 14:37:53.918 Pinpoint[56174:1342904] #### User Authenticated
2015-02-01 14:37:53.918 Pinpoint[56174:1342904] #### No location currently. Getting location
2015-02-01 14:37:53.919 Pinpoint[56174:1342904] #### Getting the location
2015-02-01 14:37:53.919 Pinpoint[56174:1342904] #### Stream Directive
2015-02-01 14:38:38.150 Pinpoint[56174:1342904] #### User Service
2015-02-01 14:38:38.150 Pinpoint[56174:1342904] #### Wishlist Controller
2015-02-01 14:38:38.150 Pinpoint[56174:1342904] #### Authenticating user
2015-02-01 14:38:38.150 Pinpoint[56174:1342904] logged in
2015-02-01 14:38:38.150 Pinpoint[56174:1342904] #### User Authenticated
2015-02-01 14:38:38.362 Pinpoint[56174:1342904] #### Resolved
2015-02-01 14:38:38.362 Pinpoint[56174:1342904] {"data":[],"status":200,"config":{"method":"GET","transformRequest":[null],"transformResponse":[null],"url":"http://localhost:3000/api/user/wishlist/54cd672181aff20000db3046","headers":{"Accept":"application/json, text/plain, */*"}},"statusText":"OK"}
2015-02-01 14:38:42.057 Pinpoint[56174:1342904] #### Chat Service
2015-02-01 14:38:42.058 Pinpoint[56174:1342904] #### Chat Controller
2015-02-01 14:38:42.058 Pinpoint[56174:1342904] #### Authenticating user
2015-02-01 14:38:42.058 Pinpoint[56174:1342904] logged in
2015-02-01 14:38:42.058 Pinpoint[56174:1342904] #### User Authenticated
2015-02-01 14:38:42.075 Pinpoint[56174:1342904] #### Resolved
2015-02-01 14:38:42.076 Pinpoint[56174:1342904] {"data":[{"_id":"54c334fd83bfb44b38684d9f","username":"test-one","password":"$2a$10$Ba/P.oyuwY8RvJtdXo0BPOYEncFVTkE5jrBDftYX3BW9gYgDi1Ela","email":"testone@gmail.com","__v":3,"picture":"https://s3.amazonaws.com/uploads.hipchat.com/27243/752569/WU1GBARftv1zQZz/login-logo.png","wishlist":["546c39c88d0152adcc86d202"],"chatAds":[],"chats":["54c3350983bfb44b38684da0","54cd672181aff20000db3046"],"ads":[],"created":"2015-01-24T06:00:29.756Z","type":"user"},{"_id":"54cdab8b55c92eef606be23f","username":"user-test-two","password":"$2a$10$4HHFjlvYGU0HGTttulXqZ.4lRBRffHFVbglp3GtB9AG9bVtXyk0eC","email":"","__v":3,"geo":[-122.2263478,37.4856838],"lat":"37.4856838","lng":"-122.2263478","picture":"https://s3.amazonaws.com/uploads.hipchat.com/27243/752569/WU1GBARftv1zQZz/login-logo.png","wishlist":[],"chatAds":[],"chats":["54cd672181aff20000db3046"],"ads":[],"created":"2015-02-01T04:28:59.090Z","type":"user"}],"status":200,"config":{"method":"GET","transformRequest":[null],"transformResponse":[null],"url":"http://localhost:3000/api/chat/user/54cd672181aff20000db3046","headers":{"Accept":"application/json, text/plain, */*"}},"statusText":"OK"}
2015-02-01 14:38:45.425 Pinpoint[56174:1342904] #### Authenticating user
2015-02-01 14:38:45.426 Pinpoint[56174:1342904] logged in
2015-02-01 14:38:45.426 Pinpoint[56174:1342904] #### User Authenticated
2015-02-01 14:38:45.426 Pinpoint[56174:1342904] #### Categories Controller
2015-02-01 14:38:45.468 Pinpoint[56174:1342904] #### Resolved
2015-02-01 14:38:45.468 Pinpoint[56174:1342904] {"data":[{"_id":"546c381c4285e3bfcba288f4","name":"Automobiles","shortname":"automobiles","background":"https://files.slack.com/files-pri/T030KRUP4-F030NN8RW/automobiles.png","__v":6,"urls":["546c38234285e3bfcba28900","546c38234285e3bfcba28901","546c38234285e3bfcba28902","546c38234285e3bfcba28904","546c38234285e3bfcba28905","546c38234285e3bfcba28906"],"created":"2014-11-19T06:26:36.377Z"},{"_id":"546c381c4285e3bfcba288fc","name":"Clothing","shortname":"clothing","background":"https://files.slack.com/files-pri/T030KRUP4-F030M7KB1/clothing.png","__v":0,"urls":[],"created":"2014-11-19T06:26:36.399Z"},{"_id":"546c381c4285e3bfcba288fe","name":"Community","shortname":"community","background":"https://files.slack.com/files-pri/T030KRUP4-F030NN96C/community.png","__v":2,"urls":["546c38234285e3bfcba28926","546c38234285e3bfcba28927"],"created":"2014-11-19T06:26:36.404Z"},{"_id":"546c381c4285e3bfcba288f9","name":"Furniture","shortname":"furniture","background":"https://files.slack.com/files-pri/T030KRUP4-F030NN9UU/furniture.png","__v":2,"urls":["546c38234285e3bfcba28922","546c38234285e3bfcba28923"],"created":"2014-11-19T06:26:36.395Z"},{"_id":"546c381c4285e3bfcba288fa","name":"Jewlry","shortname":"jewlry","background":"https://files.slack.com/files-pri/T030KRUP4-F030NNATC/jewelry.png","__v":0,"urls":[],"created":"2014-11-19T06:26:36.396Z"},{"_id":"546c381c4285e3bfcba288f6","name":"Pets","shortname":"pets","background":"https://files.slack.com/files-pri/T030KRUP4-F030M7NBD/pets.png","__v":5,"urls":["546c38234285e3bfcba2890f","546c38234285e3bfcba28910","546c38234285e3bfcba28911","546c38234285e3bfcba28912","546c38234285e3bfcba28913"],"created":"2014-11-19T06:26:36.389Z"},{"_id":"546c381c4285e3bfcba288f5","name":"Real Estate","shortname":"realestate","background":"https://files.slack.com/files-pri/T030KRUP4-F030NNC20/real-estate.png","__v":8,"urls":["546c38234285e3bfcba28907","546c38234285e3bfcba28908","546c38234285e3bfcba28909","546c38234285e3bfcba2890a","546c38234285e3bfcba2890b","546c38234285e3bfcba2890c","546c38234285e3bfcba2890d","546c38234285e3bfcba2890e"],"created":"2014-11-19T06:26:36.386Z"},{"_id":"546c381c4285e3bfcba288f7","name":"Services","shortname":"services","background":"https://files.slack.com/files-pri/T030KRUP4-F030M7NSZ/services.png","__v":8,"urls":["546c38234285e3bfcba28914","546c38234285e3bfcba28915","546c38234285e3bfcba28916","546c38234285e3bfcba28917","546c38234285e3bfcba28918","546c38234285e3bfcba28919","546c38234285e3bfcba2891a","546c38234285e3bfcba2891b"],"created":"2014-11-19T06:26:36.391Z"},{"_id":"546c381c4285e3bfcba288f8","name":"Technology","shortname":"technology","background":"https://files.slack.com/files-pri/T030KRUP4-F030NNC3J/technology.png","__v":6,"urls":["546c38234285e3bfcba2891c","546c38234285e3bfcba2891d","546c38234285e3bfcba2891e","546c38234285e3bfcba2891f","546c38234285e3bfcba28920","546c38234285e3bfcba28921"],"created":"2014-11-19T06:26:36.393Z"},{"_id":"546c381c4285e3bfcba288fb","name":"Tickets","shortname":"tickets","background:":"https://files.slack.com/files-pri/T030KRUP4-F030M7NUR/tickets.png","__v":2,"urls":["546c38234285e3bfcba28924","546c38234285e3bfcba28925"],"created":"2014-11-19T06:26:36.398Z"},{"_id":"546c381c4285e3bfcba288fd","name":"Volunteers","shortname":"volunteers","background":"https://files.slack.com/files-pri/T030KRUP4-F030NNC5G/volunteers.png","__v":0,"urls":[],"created":"2014-11-19T06:26:36.401Z"}],"status":200,"config":{"method":"GET","transformRequest":[null],"transformResponse":[null],"url":"http://localhost:3000/api/categories","headers":{"Accept":"application/json, text/plain, */*"}},"statusText":"OK"}
2015-02-01 14:38:46.814 Pinpoint[56174:1342904] #### Post Controller
2015-02-01 14:38:46.814 Pinpoint[56174:1342904] #### Authenticating user
2015-02-01 14:38:46.815 Pinpoint[56174:1342904] logged in
2015-02-01 14:38:46.815 Pinpoint[56174:1342904] #### User Authenticated
2015-02-01 14:38:46.822 Pinpoint[56174:1342904] #### Resolved
2015-02-01 14:38:46.822 Pinpoint[56174:1342904] {"data":[{"_id":"54cdabb455c92eef606be240","shortname":"adforusertest-two","title":"ad for usertest-two","price":"$5000","address":"846 Main Street, Redwood City, CA 94063, USA","seller":"","make":"","model":"","color":"","miles":"","kilometers":"","vehicletype":"","description":"adsbnfadkf adfjdsl a fasdjfkj lkafkdsajf djf jdfk ajghgv ejwsf eahgaejfcewg8hewas nvuaehgewajfewah aewfh eaghepg eahfe fheauf ah eau h gsa gahg sadghsaf hasfs f dfhads iuf","drive":"","fuel":"","source":"user","petfriendly":"","furnished":"","bathrooms":"","rentby":"","size":"","user":"54cd672181aff20000db3046","geo":[-122.22633019999999,37.485680099999996],"category":"546c381c4285e3bfcba288fa","__v":0,"images":[],"tags":["faf"],"created":"2015-02-01T04:29:40.731Z"}],"status":200,"config":{"method":"GET","transformRequest":[null],"transformResponse":[null],"url":"http://localhost:3000/api/ads/all/user/54cd672181aff20000db3046","headers":{"Accept":"application/json, text/plain, */*"}},"statusText":"OK"}
2015-02-01 14:38:48.880 Pinpoint[56174:1342904] #### Authenticating user
2015-02-01 14:38:48.880 Pinpoint[56174:1342904] logged in
2015-02-01 14:38:48.880 Pinpoint[56174:1342904] #### User Authenticated
2015-02-01 14:38:48.880 Pinpoint[56174:1342904] #### No location currently. Getting location
2015-02-01 14:38:48.880 Pinpoint[56174:1342904] #### Getting the location
2015-02-01 14:38:48.880 Pinpoint[56174:1342904] #### Stream Directive
2015-02-01 14:39:49.547 Pinpoint[56174:1342904] This is the account controller
2015-02-01 14:39:49.547 Pinpoint[56174:1342904] {"user":{"_id":"54cd672181aff20000db3046","username":"user-test","password":"$2a$10$raGsqujsx.k7XrWjXB8iDukUgkVV22jjmnlJP442Crspzr8ReQeRy","email":"usertest@gmail.com","__v":32,"geo":[-122.22633019999999,37.485680099999996],"lat":"37.485680099999996","lng":"-122.22633019999999","picture":"https://s3.amazonaws.com/uploads.hipchat.com/27243/752569/WU1GBARftv1zQZz/login-logo.png","wishlist":[],"chatAds":[],"chats":["54c334fd83bfb44b38684d9f","54cdab8b55c92eef606be23f"],"ads":[],"created":"2015-01-31T23:37:05.734Z","type":"user"},"loggedIn":"true"}
2015-02-01 14:39:50.554 Pinpoint[56174:1342904] #### Login Controller
2015-02-01 14:40:03.663 Pinpoint[56174:1342904] #### In the auth service
2015-02-01 14:40:03.914 Pinpoint[56174:1342904] #### Resolved
2015-02-01 14:40:03.914 Pinpoint[56174:1342904] {"data":{"message":"Authenticated","user":{"_id":"54cd672181aff20000db3046","username":"user-test","password":"$2a$10$raGsqujsx.k7XrWjXB8iDukUgkVV22jjmnlJP442Crspzr8ReQeRy","email":"usertest@gmail.com","__v":33,"geo":[-122.20902149999999,37.467084],"lat":"37.467084","lng":"-122.20902149999999","picture":"https://s3.amazonaws.com/uploads.hipchat.com/27243/752569/WU1GBARftv1zQZz/login-logo.png","wishlist":[],"chatAds":[],"chats":["54c334fd83bfb44b38684d9f","54cdab8b55c92eef606be23f"],"ads":[],"created":"2015-01-31T23:37:05.734Z","type":"user"}},"status":200,"config":{"method":"POST","transformRequest":[null],"transformResponse":[null],"url":"http://localhost:3000/auth/login","data":{"username":"user-test","password":"1234"},"headers":{"Accept":"application/json, text/plain, */*","Content-Type":"application/json;charset=utf-8"}},"statusText":"OK"}
2015-02-01 14:40:03.914 Pinpoint[56174:1342904] #### User Authenticated
2015-02-01 14:40:04.944 Pinpoint[56174:1342904] #### Authenticating user
2015-02-01 14:40:04.945 Pinpoint[56174:1342904] logged in
2015-02-01 14:40:04.945 Pinpoint[56174:1342904] #### User Authenticated
2015-02-01 14:40:04.945 Pinpoint[56174:1342904] #### No location currently. Getting location
2015-02-01 14:40:04.945 Pinpoint[56174:1342904] #### Getting the location
2015-02-01 14:40:04.945 Pinpoint[56174:1342904] #### Stream Directive
2015-02-01 14:41:12.047 Pinpoint[58067:1347331] Multi-tasking -> Device: YES, App: YES
2015-02-01 14:41:12.056 Pinpoint[58067:1347331] Unlimited access to network resources
2015-02-01 14:41:12.341 Pinpoint[58067:1347331] Resetting plugins due to page load.
2015-02-01 14:41:12.839 Pinpoint[58067:1347331] Finished load of: file:///Users/yash1/Library/Developer/CoreSimulator/Devices/AD5B79D8-D3F2-49AB-8356-E6FD9847668C/data/Containers/Bundle/Application/DA4969CB-5CA4-4776-BE09-30D22E6456E1/Pinpoint.app/www/index.html#/
2015-02-01 14:41:12.840 Pinpoint[58067:1347331] #### Auth Service
2015-02-01 14:41:12.840 Pinpoint[58067:1347331] #### Environment Service
2015-02-01 14:41:12.840 Pinpoint[58067:1347331] #### Global Controller
2015-02-01 14:41:12.840 Pinpoint[58067:1347331] #### Environment set: 
2015-02-01 14:41:12.841 Pinpoint[58067:1347331] error JSON.stringify()ing argument: TypeError: JSON.stringify cannot serialize cyclic structures.
2015-02-01 14:41:12.841 Pinpoint[58067:1347331] #### Global Directive
2015-02-01 14:41:12.841 Pinpoint[58067:1347331] #### Register Controller
2015-02-01 14:41:15.807 Pinpoint[58067:1347331] #### Login Controller
2015-02-01 14:41:28.093 Pinpoint[58067:1347331] #### In the auth service
2015-02-01 14:41:28.343 Pinpoint[58067:1347331] #### Resolved
2015-02-01 14:41:28.344 Pinpoint[58067:1347331] {"data":{"message":"Authenticated","user":{"_id":"54cd672181aff20000db3046","username":"user-test","password":"$2a$10$raGsqujsx.k7XrWjXB8iDukUgkVV22jjmnlJP442Crspzr8ReQeRy","email":"usertest@gmail.com","__v":33,"geo":[-122.20902149999999,37.467084],"lat":"37.467084","lng":"-122.20902149999999","picture":"https://s3.amazonaws.com/uploads.hipchat.com/27243/752569/WU1GBARftv1zQZz/login-logo.png","wishlist":[],"chatAds":[],"chats":["54c334fd83bfb44b38684d9f","54cdab8b55c92eef606be23f"],"ads":[],"created":"2015-01-31T23:37:05.734Z","type":"user"}},"status":200,"config":{"method":"POST","transformRequest":[null],"transformResponse":[null],"url":"http://localhost:3000/auth/login","data":{"username":"user-test","password":"1234"},"headers":{"Accept":"application/json, text/plain, */*","Content-Type":"application/json;charset=utf-8"}},"statusText":"OK"}
2015-02-01 14:41:28.344 Pinpoint[58067:1347331] #### User Authenticated
2015-02-01 14:41:29.400 Pinpoint[58067:1347331] #### Geo Service
2015-02-01 14:41:29.400 Pinpoint[58067:1347331] #### Ads Service 
2015-02-01 14:41:29.400 Pinpoint[58067:1347331] #### Getting the location
2015-02-01 14:41:29.400 Pinpoint[58067:1347331] #### Authenticating user
2015-02-01 14:41:29.400 Pinpoint[58067:1347331] logged in
2015-02-01 14:41:29.400 Pinpoint[58067:1347331] #### User Authenticated
2015-02-01 14:41:29.400 Pinpoint[58067:1347331] #### No location currently. Getting location
2015-02-01 14:41:29.400 Pinpoint[58067:1347331] #### Getting the location
2015-02-01 14:41:29.400 Pinpoint[58067:1347331] #### Stream Directive
2015-02-01 14:48:22.106 Pinpoint[60462:1353487] Multi-tasking -> Device: YES, App: YES
2015-02-01 14:48:22.111 Pinpoint[60462:1353487] Unlimited access to network resources
2015-02-01 14:48:22.355 Pinpoint[60462:1353487] Resetting plugins due to page load.
2015-02-01 14:48:22.760 Pinpoint[60462:1353487] Finished load of: file:///Users/yash1/Library/Developer/CoreSimulator/Devices/AD5B79D8-D3F2-49AB-8356-E6FD9847668C/data/Containers/Bundle/Application/82323489-860C-40C4-8AA8-CB966A697959/Pinpoint.app/www/index.html#/
2015-02-01 14:48:22.762 Pinpoint[60462:1353487] #### Auth Service
2015-02-01 14:48:22.762 Pinpoint[60462:1353487] #### Environment Service
2015-02-01 14:48:22.762 Pinpoint[60462:1353487] #### Global Controller
2015-02-01 14:48:22.762 Pinpoint[60462:1353487] #### Environment set: 
2015-02-01 14:48:22.762 Pinpoint[60462:1353487] error JSON.stringify()ing argument: TypeError: JSON.stringify cannot serialize cyclic structures.
2015-02-01 14:48:22.763 Pinpoint[60462:1353487] #### Global Directive
2015-02-01 14:48:22.763 Pinpoint[60462:1353487] #### Register Controller
2015-02-01 14:48:30.867 Pinpoint[60462:1353487] #### Geo Service
2015-02-01 14:48:30.867 Pinpoint[60462:1353487] #### Login Controller
2015-02-01 14:48:30.867 Pinpoint[60462:1353487] #### Getting the location
2015-02-01 14:48:39.229 Pinpoint[60462:1353487] #### In the auth service
2015-02-01 14:48:39.476 Pinpoint[60462:1353487] #### Resolved
2015-02-01 14:48:39.476 Pinpoint[60462:1353487] {"data":{"message":"Authenticated","user":{"_id":"54cd672181aff20000db3046","username":"user-test","password":"$2a$10$raGsqujsx.k7XrWjXB8iDukUgkVV22jjmnlJP442Crspzr8ReQeRy","email":"usertest@gmail.com","__v":43,"geo":[-122.20878239999999,37.467227199999996],"lat":"37.467227199999996","lng":"-122.20878239999999","picture":"https://s3.amazonaws.com/uploads.hipchat.com/27243/752569/WU1GBARftv1zQZz/login-logo.png","wishlist":[],"chatAds":[],"chats":["54c334fd83bfb44b38684d9f","54cdab8b55c92eef606be23f"],"ads":[],"created":"2015-01-31T23:37:05.734Z","type":"user"}},"status":200,"config":{"method":"POST","transformRequest":[null],"transformResponse":[null],"url":"http://localhost:3000/auth/login","data":{"username":"user-test","password":"1234"},"headers":{"Accept":"application/json, text/plain, */*","Content-Type":"application/json;charset=utf-8"}},"statusText":"OK"}
2015-02-01 14:48:39.476 Pinpoint[60462:1353487] #### User Authenticated
2015-02-01 14:48:40.525 Pinpoint[60462:1353487] #### Ads Service 
2015-02-01 14:48:40.525 Pinpoint[60462:1353487] #### Authenticating user
2015-02-01 14:48:40.525 Pinpoint[60462:1353487] logged in
2015-02-01 14:48:40.525 Pinpoint[60462:1353487] #### User Authenticated
2015-02-01 14:48:40.525 Pinpoint[60462:1353487] #### No location currently. Getting location
2015-02-01 14:48:40.526 Pinpoint[60462:1353487] #### Getting the location
2015-02-01 14:48:40.526 Pinpoint[60462:1353487] #### Stream Directive
2015-02-01 14:49:07.251 Pinpoint[60462:1353487] #### Post Controller
2015-02-01 14:49:07.251 Pinpoint[60462:1353487] #### Authenticating user
2015-02-01 14:49:07.251 Pinpoint[60462:1353487] logged in
2015-02-01 14:49:07.251 Pinpoint[60462:1353487] #### User Authenticated
2015-02-01 14:49:07.261 Pinpoint[60462:1353487] #### Resolved
2015-02-01 14:49:07.262 Pinpoint[60462:1353487] {"data":[{"_id":"54cdabb455c92eef606be240","shortname":"adforusertest-two","title":"ad for usertest-two","price":"$5000","address":"846 Main Street, Redwood City, CA 94063, USA","seller":"","make":"","model":"","color":"","miles":"","kilometers":"","vehicletype":"","description":"adsbnfadkf adfjdsl a fasdjfkj lkafkdsajf djf jdfk ajghgv ejwsf eahgaejfcewg8hewas nvuaehgewajfewah aewfh eaghepg eahfe fheauf ah eau h gsa gahg sadghsaf hasfs f dfhads iuf","drive":"","fuel":"","source":"user","petfriendly":"","furnished":"","bathrooms":"","rentby":"","size":"","user":"54cd672181aff20000db3046","geo":[-122.22633019999999,37.485680099999996],"category":"546c381c4285e3bfcba288fa","__v":0,"images":[],"tags":["faf"],"created":"2015-02-01T04:29:40.731Z"}],"status":200,"config":{"method":"GET","transformRequest":[null],"transformResponse":[null],"url":"http://localhost:3000/api/ads/all/user/54cd672181aff20000db3046","headers":{"Accept":"application/json, text/plain, */*"}},"statusText":"OK"}
2015-02-01 14:49:08.198 Pinpoint[60462:1353487] #### Category Service
2015-02-01 14:49:08.198 Pinpoint[60462:1353487] #### Authenticating user
2015-02-01 14:49:08.198 Pinpoint[60462:1353487] logged in
2015-02-01 14:49:08.198 Pinpoint[60462:1353487] #### User Authenticated
2015-02-01 14:49:08.198 Pinpoint[60462:1353487] #### Categories Controller
2015-02-01 14:49:08.215 Pinpoint[60462:1353487] #### Resolved
2015-02-01 14:49:08.215 Pinpoint[60462:1353487] {"data":[{"_id":"546c381c4285e3bfcba288f4","name":"Automobiles","shortname":"automobiles","background":"https://files.slack.com/files-pri/T030KRUP4-F030NN8RW/automobiles.png","__v":6,"urls":["546c38234285e3bfcba28900","546c38234285e3bfcba28901","546c38234285e3bfcba28902","546c38234285e3bfcba28904","546c38234285e3bfcba28905","546c38234285e3bfcba28906"],"created":"2014-11-19T06:26:36.377Z"},{"_id":"546c381c4285e3bfcba288fc","name":"Clothing","shortname":"clothing","background":"https://files.slack.com/files-pri/T030KRUP4-F030M7KB1/clothing.png","__v":0,"urls":[],"created":"2014-11-19T06:26:36.399Z"},{"_id":"546c381c4285e3bfcba288fe","name":"Community","shortname":"community","background":"https://files.slack.com/files-pri/T030KRUP4-F030NN96C/community.png","__v":2,"urls":["546c38234285e3bfcba28926","546c38234285e3bfcba28927"],"created":"2014-11-19T06:26:36.404Z"},{"_id":"546c381c4285e3bfcba288f9","name":"Furniture","shortname":"furniture","background":"https://files.slack.com/files-pri/T030KRUP4-F030NN9UU/furniture.png","__v":2,"urls":["546c38234285e3bfcba28922","546c38234285e3bfcba28923"],"created":"2014-11-19T06:26:36.395Z"},{"_id":"546c381c4285e3bfcba288fa","name":"Jewlry","shortname":"jewlry","background":"https://files.slack.com/files-pri/T030KRUP4-F030NNATC/jewelry.png","__v":0,"urls":[],"created":"2014-11-19T06:26:36.396Z"},{"_id":"546c381c4285e3bfcba288f6","name":"Pets","shortname":"pets","background":"https://files.slack.com/files-pri/T030KRUP4-F030M7NBD/pets.png","__v":5,"urls":["546c38234285e3bfcba2890f","546c38234285e3bfcba28910","546c38234285e3bfcba28911","546c38234285e3bfcba28912","546c38234285e3bfcba28913"],"created":"2014-11-19T06:26:36.389Z"},{"_id":"546c381c4285e3bfcba288f5","name":"Real Estate","shortname":"realestate","background":"https://files.slack.com/files-pri/T030KRUP4-F030NNC20/real-estate.png","__v":8,"urls":["546c38234285e3bfcba28907","546c38234285e3bfcba28908","546c38234285e3bfcba28909","546c38234285e3bfcba2890a","546c38234285e3bfcba2890b","546c38234285e3bfcba2890c","546c38234285e3bfcba2890d","546c38234285e3bfcba2890e"],"created":"2014-11-19T06:26:36.386Z"},{"_id":"546c381c4285e3bfcba288f7","name":"Services","shortname":"services","background":"https://files.slack.com/files-pri/T030KRUP4-F030M7NSZ/services.png","__v":8,"urls":["546c38234285e3bfcba28914","546c38234285e3bfcba28915","546c38234285e3bfcba28916","546c38234285e3bfcba28917","546c38234285e3bfcba28918","546c38234285e3bfcba28919","546c38234285e3bfcba2891a","546c38234285e3bfcba2891b"],"created":"2014-11-19T06:26:36.391Z"},{"_id":"546c381c4285e3bfcba288f8","name":"Technology","shortname":"technology","background":"https://files.slack.com/files-pri/T030KRUP4-F030NNC3J/technology.png","__v":6,"urls":["546c38234285e3bfcba2891c","546c38234285e3bfcba2891d","546c38234285e3bfcba2891e","546c38234285e3bfcba2891f","546c38234285e3bfcba28920","546c38234285e3bfcba28921"],"created":"2014-11-19T06:26:36.393Z"},{"_id":"546c381c4285e3bfcba288fb","name":"Tickets","shortname":"tickets","background:":"https://files.slack.com/files-pri/T030KRUP4-F030M7NUR/tickets.png","__v":2,"urls":["546c38234285e3bfcba28924","546c38234285e3bfcba28925"],"created":"2014-11-19T06:26:36.398Z"},{"_id":"546c381c4285e3bfcba288fd","name":"Volunteers","shortname":"volunteers","background":"https://files.slack.com/files-pri/T030KRUP4-F030NNC5G/volunteers.png","__v":0,"urls":[],"created":"2014-11-19T06:26:36.401Z"}],"status":200,"config":{"method":"GET","transformRequest":[null],"transformResponse":[null],"url":"http://localhost:3000/api/categories","headers":{"Accept":"application/json, text/plain, */*"}},"statusText":"OK"}
2015-02-01 14:49:09.340 Pinpoint[60462:1353487] #### Ads Controller
2015-02-01 14:49:09.340 Pinpoint[60462:1353487] #### Authenticating user
2015-02-01 14:49:09.340 Pinpoint[60462:1353487] logged in
2015-02-01 14:49:09.340 Pinpoint[60462:1353487] #### User Authenticated
2015-02-01 14:49:09.340 Pinpoint[60462:1353487] #### Checkig to see if location has been obtained
2015-02-01 14:49:09.340 Pinpoint[60462:1353487] #### Location has not been obtained. Getting it now
2015-02-01 14:49:09.340 Pinpoint[60462:1353487] #### Getting the location
2015-02-01 14:49:10.994 Pinpoint[60462:1353487] #### Authenticating user
2015-02-01 14:49:10.994 Pinpoint[60462:1353487] logged in
2015-02-01 14:49:10.994 Pinpoint[60462:1353487] #### User Authenticated
2015-02-01 14:49:10.994 Pinpoint[60462:1353487] #### Categories Controller
2015-02-01 14:49:11.007 Pinpoint[60462:1353487] #### Resolved
2015-02-01 14:49:11.007 Pinpoint[60462:1353487] {"data":[{"_id":"546c381c4285e3bfcba288f4","name":"Automobiles","shortname":"automobiles","background":"https://files.slack.com/files-pri/T030KRUP4-F030NN8RW/automobiles.png","__v":6,"urls":["546c38234285e3bfcba28900","546c38234285e3bfcba28901","546c38234285e3bfcba28902","546c38234285e3bfcba28904","546c38234285e3bfcba28905","546c38234285e3bfcba28906"],"created":"2014-11-19T06:26:36.377Z"},{"_id":"546c381c4285e3bfcba288fc","name":"Clothing","shortname":"clothing","background":"https://files.slack.com/files-pri/T030KRUP4-F030M7KB1/clothing.png","__v":0,"urls":[],"created":"2014-11-19T06:26:36.399Z"},{"_id":"546c381c4285e3bfcba288fe","name":"Community","shortname":"community","background":"https://files.slack.com/files-pri/T030KRUP4-F030NN96C/community.png","__v":2,"urls":["546c38234285e3bfcba28926","546c38234285e3bfcba28927"],"created":"2014-11-19T06:26:36.404Z"},{"_id":"546c381c4285e3bfcba288f9","name":"Furniture","shortname":"furniture","background":"https://files.slack.com/files-pri/T030KRUP4-F030NN9UU/furniture.png","__v":2,"urls":["546c38234285e3bfcba28922","546c38234285e3bfcba28923"],"created":"2014-11-19T06:26:36.395Z"},{"_id":"546c381c4285e3bfcba288fa","name":"Jewlry","shortname":"jewlry","background":"https://files.slack.com/files-pri/T030KRUP4-F030NNATC/jewelry.png","__v":0,"urls":[],"created":"2014-11-19T06:26:36.396Z"},{"_id":"546c381c4285e3bfcba288f6","name":"Pets","shortname":"pets","background":"https://files.slack.com/files-pri/T030KRUP4-F030M7NBD/pets.png","__v":5,"urls":["546c38234285e3bfcba2890f","546c38234285e3bfcba28910","546c38234285e3bfcba28911","546c38234285e3bfcba28912","546c38234285e3bfcba28913"],"created":"2014-11-19T06:26:36.389Z"},{"_id":"546c381c4285e3bfcba288f5","name":"Real Estate","shortname":"realestate","background":"https://files.slack.com/files-pri/T030KRUP4-F030NNC20/real-estate.png","__v":8,"urls":["546c38234285e3bfcba28907","546c38234285e3bfcba28908","546c38234285e3bfcba28909","546c38234285e3bfcba2890a","546c38234285e3bfcba2890b","546c38234285e3bfcba2890c","546c38234285e3bfcba2890d","546c38234285e3bfcba2890e"],"created":"2014-11-19T06:26:36.386Z"},{"_id":"546c381c4285e3bfcba288f7","name":"Services","shortname":"services","background":"https://files.slack.com/files-pri/T030KRUP4-F030M7NSZ/services.png","__v":8,"urls":["546c38234285e3bfcba28914","546c38234285e3bfcba28915","546c38234285e3bfcba28916","546c38234285e3bfcba28917","546c38234285e3bfcba28918","546c38234285e3bfcba28919","546c38234285e3bfcba2891a","546c38234285e3bfcba2891b"],"created":"2014-11-19T06:26:36.391Z"},{"_id":"546c381c4285e3bfcba288f8","name":"Technology","shortname":"technology","background":"https://files.slack.com/files-pri/T030KRUP4-F030NNC3J/technology.png","__v":6,"urls":["546c38234285e3bfcba2891c","546c38234285e3bfcba2891d","546c38234285e3bfcba2891e","546c38234285e3bfcba2891f","546c38234285e3bfcba28920","546c38234285e3bfcba28921"],"created":"2014-11-19T06:26:36.393Z"},{"_id":"546c381c4285e3bfcba288fb","name":"Tickets","shortname":"tickets","background:":"https://files.slack.com/files-pri/T030KRUP4-F030M7NUR/tickets.png","__v":2,"urls":["546c38234285e3bfcba28924","546c38234285e3bfcba28925"],"created":"2014-11-19T06:26:36.398Z"},{"_id":"546c381c4285e3bfcba288fd","name":"Volunteers","shortname":"volunteers","background":"https://files.slack.com/files-pri/T030KRUP4-F030NNC5G/volunteers.png","__v":0,"urls":[],"created":"2014-11-19T06:26:36.401Z"}],"status":200,"config":{"method":"GET","transformRequest":[null],"transformResponse":[null],"url":"http://localhost:3000/api/categories","headers":{"Accept":"application/json, text/plain, */*"}},"statusText":"OK"}
2015-02-01 14:49:15.717 Pinpoint[60462:1353487] #### Ads Controller
2015-02-01 14:49:15.717 Pinpoint[60462:1353487] #### Authenticating user
2015-02-01 14:49:15.717 Pinpoint[60462:1353487] logged in
2015-02-01 14:49:15.718 Pinpoint[60462:1353487] #### User Authenticated
2015-02-01 14:49:15.718 Pinpoint[60462:1353487] #### Checkig to see if location has been obtained
2015-02-01 14:49:15.718 Pinpoint[60462:1353487] #### Location has not been obtained. Getting it now
2015-02-01 14:49:15.718 Pinpoint[60462:1353487] #### Getting the location
2015-02-01 14:49:20.260 Pinpoint[60462:1353487] #### Authenticating user
2015-02-01 14:49:20.260 Pinpoint[60462:1353487] logged in
2015-02-01 14:49:20.260 Pinpoint[60462:1353487] #### User Authenticated
2015-02-01 14:49:20.260 Pinpoint[60462:1353487] #### Categories Controller
2015-02-01 14:49:20.279 Pinpoint[60462:1353487] #### Resolved
2015-02-01 14:49:20.279 Pinpoint[60462:1353487] {"data":[{"_id":"546c381c4285e3bfcba288f4","name":"Automobiles","shortname":"automobiles","background":"https://files.slack.com/files-pri/T030KRUP4-F030NN8RW/automobiles.png","__v":6,"urls":["546c38234285e3bfcba28900","546c38234285e3bfcba28901","546c38234285e3bfcba28902","546c38234285e3bfcba28904","546c38234285e3bfcba28905","546c38234285e3bfcba28906"],"created":"2014-11-19T06:26:36.377Z"},{"_id":"546c381c4285e3bfcba288fc","name":"Clothing","shortname":"clothing","background":"https://files.slack.com/files-pri/T030KRUP4-F030M7KB1/clothing.png","__v":0,"urls":[],"created":"2014-11-19T06:26:36.399Z"},{"_id":"546c381c4285e3bfcba288fe","name":"Community","shortname":"community","background":"https://files.slack.com/files-pri/T030KRUP4-F030NN96C/community.png","__v":2,"urls":["546c38234285e3bfcba28926","546c38234285e3bfcba28927"],"created":"2014-11-19T06:26:36.404Z"},{"_id":"546c381c4285e3bfcba288f9","name":"Furniture","shortname":"furniture","background":"https://files.slack.com/files-pri/T030KRUP4-F030NN9UU/furniture.png","__v":2,"urls":["546c38234285e3bfcba28922","546c38234285e3bfcba28923"],"created":"2014-11-19T06:26:36.395Z"},{"_id":"546c381c4285e3bfcba288fa","name":"Jewlry","shortname":"jewlry","background":"https://files.slack.com/files-pri/T030KRUP4-F030NNATC/jewelry.png","__v":0,"urls":[],"created":"2014-11-19T06:26:36.396Z"},{"_id":"546c381c4285e3bfcba288f6","name":"Pets","shortname":"pets","background":"https://files.slack.com/files-pri/T030KRUP4-F030M7NBD/pets.png","__v":5,"urls":["546c38234285e3bfcba2890f","546c38234285e3bfcba28910","546c38234285e3bfcba28911","546c38234285e3bfcba28912","546c38234285e3bfcba28913"],"created":"2014-11-19T06:26:36.389Z"},{"_id":"546c381c4285e3bfcba288f5","name":"Real Estate","shortname":"realestate","background":"https://files.slack.com/files-pri/T030KRUP4-F030NNC20/real-estate.png","__v":8,"urls":["546c38234285e3bfcba28907","546c38234285e3bfcba28908","546c38234285e3bfcba28909","546c38234285e3bfcba2890a","546c38234285e3bfcba2890b","546c38234285e3bfcba2890c","546c38234285e3bfcba2890d","546c38234285e3bfcba2890e"],"created":"2014-11-19T06:26:36.386Z"},{"_id":"546c381c4285e3bfcba288f7","name":"Services","shortname":"services","background":"https://files.slack.com/files-pri/T030KRUP4-F030M7NSZ/services.png","__v":8,"urls":["546c38234285e3bfcba28914","546c38234285e3bfcba28915","546c38234285e3bfcba28916","546c38234285e3bfcba28917","546c38234285e3bfcba28918","546c38234285e3bfcba28919","546c38234285e3bfcba2891a","546c38234285e3bfcba2891b"],"created":"2014-11-19T06:26:36.391Z"},{"_id":"546c381c4285e3bfcba288f8","name":"Technology","shortname":"technology","background":"https://files.slack.com/files-pri/T030KRUP4-F030NNC3J/technology.png","__v":6,"urls":["546c38234285e3bfcba2891c","546c38234285e3bfcba2891d","546c38234285e3bfcba2891e","546c38234285e3bfcba2891f","546c38234285e3bfcba28920","546c38234285e3bfcba28921"],"created":"2014-11-19T06:26:36.393Z"},{"_id":"546c381c4285e3bfcba288fb","name":"Tickets","shortname":"tickets","background:":"https://files.slack.com/files-pri/T030KRUP4-F030M7NUR/tickets.png","__v":2,"urls":["546c38234285e3bfcba28924","546c38234285e3bfcba28925"],"created":"2014-11-19T06:26:36.398Z"},{"_id":"546c381c4285e3bfcba288fd","name":"Volunteers","shortname":"volunteers","background":"https://files.slack.com/files-pri/T030KRUP4-F030NNC5G/volunteers.png","__v":0,"urls":[],"created":"2014-11-19T06:26:36.401Z"}],"status":200,"config":{"method":"GET","transformRequest":[null],"transformResponse":[null],"url":"http://localhost:3000/api/categories","headers":{"Accept":"application/json, text/plain, */*"}},"statusText":"OK"}
2015-02-01 14:49:21.127 Pinpoint[60462:1353487] #### Ads Controller
2015-02-01 14:49:21.127 Pinpoint[60462:1353487] #### Authenticating user
2015-02-01 14:49:21.128 Pinpoint[60462:1353487] logged in
2015-02-01 14:49:21.128 Pinpoint[60462:1353487] #### User Authenticated
2015-02-01 14:49:21.128 Pinpoint[60462:1353487] #### Checkig to see if location has been obtained
2015-02-01 14:49:21.128 Pinpoint[60462:1353487] #### Location has not been obtained. Getting it now
2015-02-01 14:49:21.128 Pinpoint[60462:1353487] #### Getting the location
2015-02-01 14:49:29.986 Pinpoint[60462:1353487] #### Authenticating user
2015-02-01 14:49:29.986 Pinpoint[60462:1353487] logged in
2015-02-01 14:49:29.986 Pinpoint[60462:1353487] #### User Authenticated
2015-02-01 14:49:29.986 Pinpoint[60462:1353487] #### Categories Controller
2015-02-01 14:49:30.010 Pinpoint[60462:1353487] #### Resolved
2015-02-01 14:49:30.010 Pinpoint[60462:1353487] {"data":[{"_id":"546c381c4285e3bfcba288f4","name":"Automobiles","shortname":"automobiles","background":"https://files.slack.com/files-pri/T030KRUP4-F030NN8RW/automobiles.png","__v":6,"urls":["546c38234285e3bfcba28900","546c38234285e3bfcba28901","546c38234285e3bfcba28902","546c38234285e3bfcba28904","546c38234285e3bfcba28905","546c38234285e3bfcba28906"],"created":"2014-11-19T06:26:36.377Z"},{"_id":"546c381c4285e3bfcba288fc","name":"Clothing","shortname":"clothing","background":"https://files.slack.com/files-pri/T030KRUP4-F030M7KB1/clothing.png","__v":0,"urls":[],"created":"2014-11-19T06:26:36.399Z"},{"_id":"546c381c4285e3bfcba288fe","name":"Community","shortname":"community","background":"https://files.slack.com/files-pri/T030KRUP4-F030NN96C/community.png","__v":2,"urls":["546c38234285e3bfcba28926","546c38234285e3bfcba28927"],"created":"2014-11-19T06:26:36.404Z"},{"_id":"546c381c4285e3bfcba288f9","name":"Furniture","shortname":"furniture","background":"https://files.slack.com/files-pri/T030KRUP4-F030NN9UU/furniture.png","__v":2,"urls":["546c38234285e3bfcba28922","546c38234285e3bfcba28923"],"created":"2014-11-19T06:26:36.395Z"},{"_id":"546c381c4285e3bfcba288fa","name":"Jewlry","shortname":"jewlry","background":"https://files.slack.com/files-pri/T030KRUP4-F030NNATC/jewelry.png","__v":0,"urls":[],"created":"2014-11-19T06:26:36.396Z"},{"_id":"546c381c4285e3bfcba288f6","name":"Pets","shortname":"pets","background":"https://files.slack.com/files-pri/T030KRUP4-F030M7NBD/pets.png","__v":5,"urls":["546c38234285e3bfcba2890f","546c38234285e3bfcba28910","546c38234285e3bfcba28911","546c38234285e3bfcba28912","546c38234285e3bfcba28913"],"created":"2014-11-19T06:26:36.389Z"},{"_id":"546c381c4285e3bfcba288f5","name":"Real Estate","shortname":"realestate","background":"https://files.slack.com/files-pri/T030KRUP4-F030NNC20/real-estate.png","__v":8,"urls":["546c38234285e3bfcba28907","546c38234285e3bfcba28908","546c38234285e3bfcba28909","546c38234285e3bfcba2890a","546c38234285e3bfcba2890b","546c38234285e3bfcba2890c","546c38234285e3bfcba2890d","546c38234285e3bfcba2890e"],"created":"2014-11-19T06:26:36.386Z"},{"_id":"546c381c4285e3bfcba288f7","name":"Services","shortname":"services","background":"https://files.slack.com/files-pri/T030KRUP4-F030M7NSZ/services.png","__v":8,"urls":["546c38234285e3bfcba28914","546c38234285e3bfcba28915","546c38234285e3bfcba28916","546c38234285e3bfcba28917","546c38234285e3bfcba28918","546c38234285e3bfcba28919","546c38234285e3bfcba2891a","546c38234285e3bfcba2891b"],"created":"2014-11-19T06:26:36.391Z"},{"_id":"546c381c4285e3bfcba288f8","name":"Technology","shortname":"technology","background":"https://files.slack.com/files-pri/T030KRUP4-F030NNC3J/technology.png","__v":6,"urls":["546c38234285e3bfcba2891c","546c38234285e3bfcba2891d","546c38234285e3bfcba2891e","546c38234285e3bfcba2891f","546c38234285e3bfcba28920","546c38234285e3bfcba28921"],"created":"2014-11-19T06:26:36.393Z"},{"_id":"546c381c4285e3bfcba288fb","name":"Tickets","shortname":"tickets","background:":"https://files.slack.com/files-pri/T030KRUP4-F030M7NUR/tickets.png","__v":2,"urls":["546c38234285e3bfcba28924","546c38234285e3bfcba28925"],"created":"2014-11-19T06:26:36.398Z"},{"_id":"546c381c4285e3bfcba288fd","name":"Volunteers","shortname":"volunteers","background":"https://files.slack.com/files-pri/T030KRUP4-F030NNC5G/volunteers.png","__v":0,"urls":[],"created":"2014-11-19T06:26:36.401Z"}],"status":200,"config":{"method":"GET","transformRequest":[null],"transformResponse":[null],"url":"http://localhost:3000/api/categories","headers":{"Accept":"application/json, text/plain, */*"}},"statusText":"OK"}
2015-02-01 14:49:33.709 Pinpoint[60462:1353487] #### Ads Controller
2015-02-01 14:49:33.710 Pinpoint[60462:1353487] #### Authenticating user
2015-02-01 14:49:33.710 Pinpoint[60462:1353487] logged in
2015-02-01 14:49:33.710 Pinpoint[60462:1353487] #### User Authenticated
2015-02-01 14:49:33.710 Pinpoint[60462:1353487] #### Checkig to see if location has been obtained
2015-02-01 14:49:33.710 Pinpoint[60462:1353487] #### Location has not been obtained. Getting it now
2015-02-01 14:49:33.710 Pinpoint[60462:1353487] #### Getting the location
2015-02-01 14:51:17.121 Pinpoint[60462:1353487] #### Chat Service
2015-02-01 14:51:17.121 Pinpoint[60462:1353487] #### Chat Controller
2015-02-01 14:51:17.122 Pinpoint[60462:1353487] #### Authenticating user
2015-02-01 14:51:17.122 Pinpoint[60462:1353487] logged in
2015-02-01 14:51:17.122 Pinpoint[60462:1353487] #### User Authenticated
2015-02-01 14:51:17.138 Pinpoint[60462:1353487] #### Resolved
2015-02-01 14:51:17.138 Pinpoint[60462:1353487] {"data":[{"_id":"54c334fd83bfb44b38684d9f","username":"test-one","password":"$2a$10$Ba/P.oyuwY8RvJtdXo0BPOYEncFVTkE5jrBDftYX3BW9gYgDi1Ela","email":"testone@gmail.com","__v":3,"picture":"https://s3.amazonaws.com/uploads.hipchat.com/27243/752569/WU1GBARftv1zQZz/login-logo.png","wishlist":["546c39c88d0152adcc86d202"],"chatAds":[],"chats":["54c3350983bfb44b38684da0","54cd672181aff20000db3046"],"ads":[],"created":"2015-01-24T06:00:29.756Z","type":"user"},{"_id":"54cdab8b55c92eef606be23f","username":"user-test-two","password":"$2a$10$4HHFjlvYGU0HGTttulXqZ.4lRBRffHFVbglp3GtB9AG9bVtXyk0eC","email":"","__v":3,"geo":[-122.2263478,37.4856838],"lat":"37.4856838","lng":"-122.2263478","picture":"https://s3.amazonaws.com/uploads.hipchat.com/27243/752569/WU1GBARftv1zQZz/login-logo.png","wishlist":[],"chatAds":[],"chats":["54cd672181aff20000db3046"],"ads":[],"created":"2015-02-01T04:28:59.090Z","type":"user"}],"status":200,"config":{"method":"GET","transformRequest":[null],"transformResponse":[null],"url":"http://localhost:3000/api/chat/user/54cd672181aff20000db3046","headers":{"Accept":"application/json, text/plain, */*"}},"statusText":"OK"}
2015-02-01 14:51:19.464 Pinpoint[60462:1353487] Failed to load webpage with error: The URL cant be shown
2015-02-01 14:51:20.920 Pinpoint[60462:1353487] Failed to load webpage with error: The URL cant be shown
2015-02-01 14:51:23.712 Pinpoint[60462:1353487] Failed to load webpage with error: The URL cant be shown
2015-02-01 14:51:24.326 Pinpoint[60462:1353487] Failed to load webpage with error: The URL cant be shown
2015-02-01 14:51:25.079 Pinpoint[60462:1353487] Failed to load webpage with error: The URL cant be shown
2015-02-01 14:51:25.432 Pinpoint[60462:1353487] Failed to load webpage with error: The URL cant be shown
2015-02-01 14:51:27.513 Pinpoint[60462:1353487] Failed to load webpage with error: The URL cant be shown
2015-02-01 14:51:32.331 Pinpoint[60462:1353487] #### Post Controller
2015-02-01 14:51:32.331 Pinpoint[60462:1353487] #### Authenticating user
2015-02-01 14:51:32.331 Pinpoint[60462:1353487] logged in
2015-02-01 14:51:32.331 Pinpoint[60462:1353487] #### User Authenticated
2015-02-01 14:51:32.339 Pinpoint[60462:1353487] #### Resolved
2015-02-01 14:51:32.339 Pinpoint[60462:1353487] {"data":[{"_id":"54cdabb455c92eef606be240","shortname":"adforusertest-two","title":"ad for usertest-two","price":"$5000","address":"846 Main Street, Redwood City, CA 94063, USA","seller":"","make":"","model":"","color":"","miles":"","kilometers":"","vehicletype":"","description":"adsbnfadkf adfjdsl a fasdjfkj lkafkdsajf djf jdfk ajghgv ejwsf eahgaejfcewg8hewas nvuaehgewajfewah aewfh eaghepg eahfe fheauf ah eau h gsa gahg sadghsaf hasfs f dfhads iuf","drive":"","fuel":"","source":"user","petfriendly":"","furnished":"","bathrooms":"","rentby":"","size":"","user":"54cd672181aff20000db3046","geo":[-122.22633019999999,37.485680099999996],"category":"546c381c4285e3bfcba288fa","__v":0,"images":[],"tags":["faf"],"created":"2015-02-01T04:29:40.731Z"}],"status":200,"config":{"method":"GET","transformRequest":[null],"transformResponse":[null],"url":"http://localhost:3000/api/ads/all/user/54cd672181aff20000db3046","headers":{"Accept":"application/json, text/plain, */*"}},"statusText":"OK"}
2015-02-01 14:51:34.113 Pinpoint[60462:1353487] Failed to load webpage with error: The URL cant be shown
2015-02-01 14:51:35.598 Pinpoint[60462:1353487] Failed to load webpage with error: The URL cant be shown
2015-02-01 14:51:36.047 Pinpoint[60462:1353487] Failed to load webpage with error: The URL cant be shown
2015-02-01 14:51:36.239 Pinpoint[60462:1353487] Failed to load webpage with error: The URL cant be shown
2015-02-01 14:51:36.432 Pinpoint[60462:1353487] Failed to load webpage with error: The URL cant be shown
2015-02-01 14:51:36.640 Pinpoint[60462:1353487] Failed to load webpage with error: The URL cant be shown
2015-02-01 14:51:36.865 Pinpoint[60462:1353487] Failed to load webpage with error: The URL cant be shown
2015-02-01 14:51:41.829 Pinpoint[60462:1353487] #### Post Category Controller
2015-02-01 14:51:41.830 Pinpoint[60462:1353487] #### Authenticating user
2015-02-01 14:51:41.830 Pinpoint[60462:1353487] logged in
2015-02-01 14:51:41.830 Pinpoint[60462:1353487] #### User Authenticated
2015-02-01 14:51:41.843 Pinpoint[60462:1353487] #### Resolved
2015-02-01 14:51:41.843 Pinpoint[60462:1353487] {"data":[{"_id":"546c381c4285e3bfcba288f4","name":"Automobiles","shortname":"automobiles","background":"https://files.slack.com/files-pri/T030KRUP4-F030NN8RW/automobiles.png","__v":6,"urls":["546c38234285e3bfcba28900","546c38234285e3bfcba28901","546c38234285e3bfcba28902","546c38234285e3bfcba28904","546c38234285e3bfcba28905","546c38234285e3bfcba28906"],"created":"2014-11-19T06:26:36.377Z"},{"_id":"546c381c4285e3bfcba288fc","name":"Clothing","shortname":"clothing","background":"https://files.slack.com/files-pri/T030KRUP4-F030M7KB1/clothing.png","__v":0,"urls":[],"created":"2014-11-19T06:26:36.399Z"},{"_id":"546c381c4285e3bfcba288fe","name":"Community","shortname":"community","background":"https://files.slack.com/files-pri/T030KRUP4-F030NN96C/community.png","__v":2,"urls":["546c38234285e3bfcba28926","546c38234285e3bfcba28927"],"created":"2014-11-19T06:26:36.404Z"},{"_id":"546c381c4285e3bfcba288f9","name":"Furniture","shortname":"furniture","background":"https://files.slack.com/files-pri/T030KRUP4-F030NN9UU/furniture.png","__v":2,"urls":["546c38234285e3bfcba28922","546c38234285e3bfcba28923"],"created":"2014-11-19T06:26:36.395Z"},{"_id":"546c381c4285e3bfcba288fa","name":"Jewlry","shortname":"jewlry","background":"https://files.slack.com/files-pri/T030KRUP4-F030NNATC/jewelry.png","__v":0,"urls":[],"created":"2014-11-19T06:26:36.396Z"},{"_id":"546c381c4285e3bfcba288f6","name":"Pets","shortname":"pets","background":"https://files.slack.com/files-pri/T030KRUP4-F030M7NBD/pets.png","__v":5,"urls":["546c38234285e3bfcba2890f","546c38234285e3bfcba28910","546c38234285e3bfcba28911","546c38234285e3bfcba28912","546c38234285e3bfcba28913"],"created":"2014-11-19T06:26:36.389Z"},{"_id":"546c381c4285e3bfcba288f5","name":"Real Estate","shortname":"realestate","background":"https://files.slack.com/files-pri/T030KRUP4-F030NNC20/real-estate.png","__v":8,"urls":["546c38234285e3bfcba28907","546c38234285e3bfcba28908","546c38234285e3bfcba28909","546c38234285e3bfcba2890a","546c38234285e3bfcba2890b","546c38234285e3bfcba2890c","546c38234285e3bfcba2890d","546c38234285e3bfcba2890e"],"created":"2014-11-19T06:26:36.386Z"},{"_id":"546c381c4285e3bfcba288f7","name":"Services","shortname":"services","background":"https://files.slack.com/files-pri/T030KRUP4-F030M7NSZ/services.png","__v":8,"urls":["546c38234285e3bfcba28914","546c38234285e3bfcba28915","546c38234285e3bfcba28916","546c38234285e3bfcba28917","546c38234285e3bfcba28918","546c38234285e3bfcba28919","546c38234285e3bfcba2891a","546c38234285e3bfcba2891b"],"created":"2014-11-19T06:26:36.391Z"},{"_id":"546c381c4285e3bfcba288f8","name":"Technology","shortname":"technology","background":"https://files.slack.com/files-pri/T030KRUP4-F030NNC3J/technology.png","__v":6,"urls":["546c38234285e3bfcba2891c","546c38234285e3bfcba2891d","546c38234285e3bfcba2891e","546c38234285e3bfcba2891f","546c38234285e3bfcba28920","546c38234285e3bfcba28921"],"created":"2014-11-19T06:26:36.393Z"},{"_id":"546c381c4285e3bfcba288fb","name":"Tickets","shortname":"tickets","background:":"https://files.slack.com/files-pri/T030KRUP4-F030M7NUR/tickets.png","__v":2,"urls":["546c38234285e3bfcba28924","546c38234285e3bfcba28925"],"created":"2014-11-19T06:26:36.398Z"},{"_id":"546c381c4285e3bfcba288fd","name":"Volunteers","shortname":"volunteers","background":"https://files.slack.com/files-pri/T030KRUP4-F030NNC5G/volunteers.png","__v":0,"urls":[],"created":"2014-11-19T06:26:36.401Z"}],"status":200,"config":{"method":"GET","transformRequest":[null],"transformResponse":[null],"url":"http://localhost:3000/api/categories","headers":{"Accept":"application/json, text/plain, */*"}},"statusText":"OK"}
2015-02-01 14:51:47.348 Pinpoint[60462:1353487] #### Post Form Controller
2015-02-01 14:51:47.348 Pinpoint[60462:1353487] #### Authenticating user
2015-02-01 14:51:47.348 Pinpoint[60462:1353487] logged in
2015-02-01 14:51:47.348 Pinpoint[60462:1353487] #### User Authenticated
2015-02-01 14:51:47.349 Pinpoint[60462:1353487] #### Getting the location
2015-02-01 14:51:47.429 Pinpoint[60462:1353487] #### Resolved
2015-02-01 14:51:47.430 Pinpoint[60462:1353487] {"data":{"_id":"546c381c4285e3bfcba288f4","name":"Automobiles","shortname":"automobiles","background":"https://files.slack.com/files-pri/T030KRUP4-F030NN8RW/automobiles.png","__v":6,"urls":["546c38234285e3bfcba28900","546c38234285e3bfcba28901","546c38234285e3bfcba28902","546c38234285e3bfcba28904","546c38234285e3bfcba28905","546c38234285e3bfcba28906"],"created":"2014-11-19T06:26:36.377Z"},"status":200,"config":{"method":"GET","transformRequest":[null],"transformResponse":[null],"url":"http://localhost:3000/api/categories/546c381c4285e3bfcba288f4","headers":{"Accept":"application/json, text/plain, */*"}},"statusText":"OK"}
2015-02-01 14:51:49.815 Pinpoint[60462:1353487] #### Post Category Controller
2015-02-01 14:51:49.815 Pinpoint[60462:1353487] #### Authenticating user
2015-02-01 14:51:49.815 Pinpoint[60462:1353487] logged in
2015-02-01 14:51:49.815 Pinpoint[60462:1353487] #### User Authenticated
2015-02-01 14:51:49.834 Pinpoint[60462:1353487] #### Resolved
2015-02-01 14:51:49.834 Pinpoint[60462:1353487] {"data":[{"_id":"546c381c4285e3bfcba288f4","name":"Automobiles","shortname":"automobiles","background":"https://files.slack.com/files-pri/T030KRUP4-F030NN8RW/automobiles.png","__v":6,"urls":["546c38234285e3bfcba28900","546c38234285e3bfcba28901","546c38234285e3bfcba28902","546c38234285e3bfcba28904","546c38234285e3bfcba28905","546c38234285e3bfcba28906"],"created":"2014-11-19T06:26:36.377Z"},{"_id":"546c381c4285e3bfcba288fc","name":"Clothing","shortname":"clothing","background":"https://files.slack.com/files-pri/T030KRUP4-F030M7KB1/clothing.png","__v":0,"urls":[],"created":"2014-11-19T06:26:36.399Z"},{"_id":"546c381c4285e3bfcba288fe","name":"Community","shortname":"community","background":"https://files.slack.com/files-pri/T030KRUP4-F030NN96C/community.png","__v":2,"urls":["546c38234285e3bfcba28926","546c38234285e3bfcba28927"],"created":"2014-11-19T06:26:36.404Z"},{"_id":"546c381c4285e3bfcba288f9","name":"Furniture","shortname":"furniture","background":"https://files.slack.com/files-pri/T030KRUP4-F030NN9UU/furniture.png","__v":2,"urls":["546c38234285e3bfcba28922","546c38234285e3bfcba28923"],"created":"2014-11-19T06:26:36.395Z"},{"_id":"546c381c4285e3bfcba288fa","name":"Jewlry","shortname":"jewlry","background":"https://files.slack.com/files-pri/T030KRUP4-F030NNATC/jewelry.png","__v":0,"urls":[],"created":"2014-11-19T06:26:36.396Z"},{"_id":"546c381c4285e3bfcba288f6","name":"Pets","shortname":"pets","background":"https://files.slack.com/files-pri/T030KRUP4-F030M7NBD/pets.png","__v":5,"urls":["546c38234285e3bfcba2890f","546c38234285e3bfcba28910","546c38234285e3bfcba28911","546c38234285e3bfcba28912","546c38234285e3bfcba28913"],"created":"2014-11-19T06:26:36.389Z"},{"_id":"546c381c4285e3bfcba288f5","name":"Real Estate","shortname":"realestate","background":"https://files.slack.com/files-pri/T030KRUP4-F030NNC20/real-estate.png","__v":8,"urls":["546c38234285e3bfcba28907","546c38234285e3bfcba28908","546c38234285e3bfcba28909","546c38234285e3bfcba2890a","546c38234285e3bfcba2890b","546c38234285e3bfcba2890c","546c38234285e3bfcba2890d","546c38234285e3bfcba2890e"],"created":"2014-11-19T06:26:36.386Z"},{"_id":"546c381c4285e3bfcba288f7","name":"Services","shortname":"services","background":"https://files.slack.com/files-pri/T030KRUP4-F030M7NSZ/services.png","__v":8,"urls":["546c38234285e3bfcba28914","546c38234285e3bfcba28915","546c38234285e3bfcba28916","546c38234285e3bfcba28917","546c38234285e3bfcba28918","546c38234285e3bfcba28919","546c38234285e3bfcba2891a","546c38234285e3bfcba2891b"],"created":"2014-11-19T06:26:36.391Z"},{"_id":"546c381c4285e3bfcba288f8","name":"Technology","shortname":"technology","background":"https://files.slack.com/files-pri/T030KRUP4-F030NNC3J/technology.png","__v":6,"urls":["546c38234285e3bfcba2891c","546c38234285e3bfcba2891d","546c38234285e3bfcba2891e","546c38234285e3bfcba2891f","546c38234285e3bfcba28920","546c38234285e3bfcba28921"],"created":"2014-11-19T06:26:36.393Z"},{"_id":"546c381c4285e3bfcba288fb","name":"Tickets","shortname":"tickets","background:":"https://files.slack.com/files-pri/T030KRUP4-F030M7NUR/tickets.png","__v":2,"urls":["546c38234285e3bfcba28924","546c38234285e3bfcba28925"],"created":"2014-11-19T06:26:36.398Z"},{"_id":"546c381c4285e3bfcba288fd","name":"Volunteers","shortname":"volunteers","background":"https://files.slack.com/files-pri/T030KRUP4-F030NNC5G/volunteers.png","__v":0,"urls":[],"created":"2014-11-19T06:26:36.401Z"}],"status":200,"config":{"method":"GET","transformRequest":[null],"transformResponse":[null],"url":"http://localhost:3000/api/categories","headers":{"Accept":"application/json, text/plain, */*"}},"statusText":"OK"}
2015-02-01 14:51:50.950 Pinpoint[60462:1353487] #### Post Controller
2015-02-01 14:51:50.950 Pinpoint[60462:1353487] #### Authenticating user
2015-02-01 14:51:50.950 Pinpoint[60462:1353487] logged in
2015-02-01 14:51:50.950 Pinpoint[60462:1353487] #### User Authenticated
2015-02-01 14:51:50.968 Pinpoint[60462:1353487] #### Resolved
2015-02-01 14:51:50.968 Pinpoint[60462:1353487] {"data":[{"_id":"54cdabb455c92eef606be240","shortname":"adforusertest-two","title":"ad for usertest-two","price":"$5000","address":"846 Main Street, Redwood City, CA 94063, USA","seller":"","make":"","model":"","color":"","miles":"","kilometers":"","vehicletype":"","description":"adsbnfadkf adfjdsl a fasdjfkj lkafkdsajf djf jdfk ajghgv ejwsf eahgaejfcewg8hewas nvuaehgewajfewah aewfh eaghepg eahfe fheauf ah eau h gsa gahg sadghsaf hasfs f dfhads iuf","drive":"","fuel":"","source":"user","petfriendly":"","furnished":"","bathrooms":"","rentby":"","size":"","user":"54cd672181aff20000db3046","geo":[-122.22633019999999,37.485680099999996],"category":"546c381c4285e3bfcba288fa","__v":0,"images":[],"tags":["faf"],"created":"2015-02-01T04:29:40.731Z"}],"status":200,"config":{"method":"GET","transformRequest":[null],"transformResponse":[null],"url":"http://localhost:3000/api/ads/all/user/54cd672181aff20000db3046","headers":{"Accept":"application/json, text/plain, */*"}},"statusText":"OK"}
2015-02-01 14:51:52.624 Pinpoint[60462:1353487] #### Authenticating user
2015-02-01 14:51:52.624 Pinpoint[60462:1353487] logged in
2015-02-01 14:51:52.624 Pinpoint[60462:1353487] #### User Authenticated
2015-02-01 14:51:52.624 Pinpoint[60462:1353487] #### No location currently. Getting location
2015-02-01 14:51:52.624 Pinpoint[60462:1353487] #### Getting the location
2015-02-01 14:51:52.624 Pinpoint[60462:1353487] #### Stream Directive
2015-02-01 14:52:47.847 Pinpoint[60462:1353487] This is the account controller
2015-02-01 14:52:47.847 Pinpoint[60462:1353487] {"user":{"_id":"54cd672181aff20000db3046","username":"user-test","password":"$2a$10$raGsqujsx.k7XrWjXB8iDukUgkVV22jjmnlJP442Crspzr8ReQeRy","email":"usertest@gmail.com","__v":43,"geo":[-122.20878239999999,37.467227199999996],"lat":"37.467227199999996","lng":"-122.20878239999999","picture":"https://s3.amazonaws.com/uploads.hipchat.com/27243/752569/WU1GBARftv1zQZz/login-logo.png","wishlist":[],"chatAds":[],"chats":["54c334fd83bfb44b38684d9f","54cdab8b55c92eef606be23f"],"ads":[],"created":"2015-01-31T23:37:05.734Z","type":"user"},"loggedIn":"true"}
2015-02-01 14:52:50.994 Pinpoint[60462:1353487] #### Login Controller
2015-02-01 14:52:50.994 Pinpoint[60462:1353487] #### Getting the location
2015-02-01 15:13:33.305 Pinpoint[64857:1368104] Multi-tasking -> Device: YES, App: YES
2015-02-01 15:13:33.312 Pinpoint[64857:1368104] Unlimited access to network resources
2015-02-01 15:13:33.573 Pinpoint[64857:1368104] Resetting plugins due to page load.
2015-02-01 15:13:33.979 Pinpoint[64857:1368104] Finished load of: file:///Users/yash1/Library/Developer/CoreSimulator/Devices/AD5B79D8-D3F2-49AB-8356-E6FD9847668C/data/Containers/Bundle/Application/50AC02D9-2A48-4AD6-8511-13D867CBE9E6/Pinpoint.app/www/index.html#/
2015-02-01 15:13:51.442 Pinpoint[64857:1368104] Failed to load webpage with error: The URL cant be shown
2015-02-01 15:14:08.109 Pinpoint[64857:1368104] Failed to load webpage with error: The URL cant be shown
2015-02-01 15:15:37.500 Pinpoint[66459:1370907] Multi-tasking -> Device: YES, App: YES
2015-02-01 15:15:37.507 Pinpoint[66459:1370907] Unlimited access to network resources
2015-02-01 15:15:37.800 Pinpoint[66459:1370907] Resetting plugins due to page load.
2015-02-01 15:15:38.279 Pinpoint[66459:1370907] Finished load of: file:///Users/yash1/Library/Developer/CoreSimulator/Devices/AD5B79D8-D3F2-49AB-8356-E6FD9847668C/data/Containers/Bundle/Application/5DE1C2E4-E8D4-40FD-B3CA-E840C32514A7/Pinpoint.app/www/index.html#/
2015-02-01 15:19:18.355 Pinpoint[66459:1370907] Failed to load webpage with error: The URL cant be shown
